<?xml version="1.0" encoding="UTF-8"?>
<!-- Generated by org.testng.reporters.JUnitReportReporter -->
<testsuite hostname="LAPTOP-OL7R0RQ3" failures="0" tests="2" name="com.bank.qa.tests.LoginPageTest" time="13.130" errors="0" timestamp="12 Feb 2023 03:05:54 GMT" skipped="0">
  <testcase classname="com.bank.qa.tests.LoginPageTest" name="LoginPageTitleTest" time="6.462"/>
  <testcase classname="com.bank.qa.tests.LoginPageTest" name="LoginTest" time="6.668"/>
</testsuite> <!-- com.bank.qa.tests.LoginPageTest -->
