<?xml version="1.0" encoding="UTF-8"?>
<!-- Generated by org.testng.reporters.JUnitReportReporter -->
<testsuite hostname="LAPTOP-OL7R0RQ3" failures="0" tests="1" name="com.bank.qa.tests.LoginTest" time="8.883" errors="0" timestamp="08 Feb 2023 17:29:33 GMT" skipped="0">
  <testcase classname="com.bank.qa.tests.LoginTest" name="LoginPageTitleTest" time="8.883"/>
</testsuite> <!-- com.bank.qa.tests.LoginTest -->
