<?xml version="1.0" encoding="UTF-8"?>
<!-- Generated by org.testng.reporters.JUnitReportReporter -->
<testsuite hostname="LAPTOP-OL7R0RQ3" failures="0" tests="1" name="com.bank.qa.tests.CreateNewContactPageTest" time="9.166" errors="0" timestamp="09 Feb 2023 19:43:11 GMT" skipped="0">
  <testcase classname="com.bank.qa.tests.CreateNewContactPageTest" name="createNewContactTest" time="9.166"/>
</testsuite> <!-- com.bank.qa.tests.CreateNewContactPageTest -->
