<?xml version="1.0" encoding="UTF-8"?>
<!-- Generated by org.testng.reporters.JUnitReportReporter -->
<testsuite hostname="LAPTOP-OL7R0RQ3" failures="0" tests="4" name="com.bank.qa.tests.HomePageTest" time="43.507" errors="0" timestamp="14 Feb 2023 04:30:00 GMT" skipped="0">
  <testcase classname="com.bank.qa.tests.HomePageTest" name="verifyHomePageTitleTest" time="12.344"/>
  <testcase classname="com.bank.qa.tests.HomePageTest" name="verifyUserNameTest" time="9.107"/>
  <testcase classname="com.bank.qa.tests.HomePageTest" name="verifyContactsLinkTest" time="10.747"/>
  <testcase classname="com.bank.qa.tests.HomePageTest" name="clickOnNewContactPlusBtnTest" time="11.309"/>
</testsuite> <!-- com.bank.qa.tests.HomePageTest -->
