<?xml version="1.0" encoding="UTF-8"?>
<!-- Generated by org.testng.reporters.JUnitReportReporter -->
<testsuite hostname="LAPTOP-OL7R0RQ3" failures="0" tests="2" name="com.bank.qa.tests.LoginPageTest" time="18.691" errors="0" timestamp="14 Feb 2023 04:30:00 GMT" skipped="0">
  <testcase classname="com.bank.qa.tests.LoginPageTest" name="LoginPageTitleTest" time="9.882"/>
  <testcase classname="com.bank.qa.tests.LoginPageTest" name="LoginTest" time="8.809"/>
</testsuite> <!-- com.bank.qa.tests.LoginPageTest -->
