<?xml version="1.0" encoding="UTF-8"?>
<!-- Generated by org.testng.reporters.JUnitReportReporter -->
<testsuite hostname="LAPTOP-OL7R0RQ3" failures="0" tests="2" name="com.bank.qa.tests.LoginPageTest" time="16.962" errors="0" timestamp="14 Feb 2023 04:34:50 GMT" skipped="0">
  <testcase classname="com.bank.qa.tests.LoginPageTest" name="LoginPageTitleTest" time="8.136"/>
  <testcase classname="com.bank.qa.tests.LoginPageTest" name="LoginTest" time="8.826"/>
</testsuite> <!-- com.bank.qa.tests.LoginPageTest -->
