<?xml version="1.0" encoding="UTF-8"?>
<!-- Generated by org.testng.reporters.JUnitReportReporter -->
<testsuite hostname="LAPTOP-OL7R0RQ3" failures="0" tests="2" name="com.bank.qa.tests.LoginPageTest" time="26.369" errors="0" timestamp="12 Feb 2023 18:43:08 GMT" skipped="0">
  <testcase classname="com.bank.qa.tests.LoginPageTest" name="LoginPageTitleTest" time="11.703"/>
  <testcase classname="com.bank.qa.tests.LoginPageTest" name="LoginTest" time="14.666"/>
</testsuite> <!-- com.bank.qa.tests.LoginPageTest -->
