<?xml version="1.0" encoding="UTF-8"?>
<!-- Generated by org.testng.reporters.JUnitReportReporter -->
<testsuite hostname="LAPTOP-OL7R0RQ3" failures="0" tests="3" name="com.bank.qa.tests.ContactsPageTest" time="75.662" errors="0" timestamp="12 Feb 2023 18:43:08 GMT" skipped="0">
  <testcase classname="com.bank.qa.tests.ContactsPageTest" name="createNewContactTest" time="27.328"/>
  <testcase classname="com.bank.qa.tests.ContactsPageTest" name="createNewContactTest" time="24.214"/>
  <testcase classname="com.bank.qa.tests.ContactsPageTest" name="createNewContactTest" time="24.120"/>
</testsuite> <!-- com.bank.qa.tests.ContactsPageTest -->
