<?xml version="1.0" encoding="UTF-8"?>
<!-- Generated by org.testng.reporters.JUnitReportReporter -->
<testsuite hostname="LAPTOP-OL7R0RQ3" failures="0" tests="4" name="com.bank.qa.tests.HomePageTest" time="40.348" errors="0" timestamp="14 Feb 2023 04:34:50 GMT" skipped="0">
  <testcase classname="com.bank.qa.tests.HomePageTest" name="verifyHomePageTitleTest" time="9.843"/>
  <testcase classname="com.bank.qa.tests.HomePageTest" name="verifyUserNameTest" time="9.624"/>
  <testcase classname="com.bank.qa.tests.HomePageTest" name="verifyContactsLinkTest" time="9.841"/>
  <testcase classname="com.bank.qa.tests.HomePageTest" name="clickOnNewContactPlusBtnTest" time="11.040"/>
</testsuite> <!-- com.bank.qa.tests.HomePageTest -->
